Build started 11/29/2024 11:53:09 AM.
     1>Project "C:\Projects\Unreal2004\Vorbis\vorbis\win32\vorbis.vcxproj" on node 2 (build target(s)).
     1>InitializeBuildStatus:
         Creating "Vorbis_Dynamic_Debug\vorbis.unsuccessfulbuild" because "AlwaysCreate" was specified.
       ClCompile:
         All outputs are up-to-date.
         All outputs are up-to-date.
       ManifestResourceCompile:
         All outputs are up-to-date.
     1>C:\Program Files (x86)\MSBuild\Microsoft.Cpp\v4.0\Microsoft.CppBuild.targets(990,5): warning MSB8012: TargetPath(C:\Projects\Unreal2004\Vorbis\vorbis\win32\Vorbis_Dynamic_Debug\vorbis.dll) does not match the Linker's OutputFile property value (C:\Projects\Unreal2004\System\vorbis.dll). This may cause your project to build incorrectly. To correct this, please make sure that $(OutDir), $(TargetName) and $(TargetExt) property values match the value specified in %(Link.OutputFile).
       Link:
         All outputs are up-to-date.
       Manifest:
         All outputs are up-to-date.
       BscMake:
         All outputs are up-to-date.
       FinalizeBuildStatus:
         Deleting file "Vorbis_Dynamic_Debug\vorbis.unsuccessfulbuild".
         Touching "Vorbis_Dynamic_Debug\vorbis.lastbuildstate".
     1>Done Building Project "C:\Projects\Unreal2004\Vorbis\vorbis\win32\vorbis.vcxproj" (build target(s)).

Build succeeded.

Time Elapsed 00:00:00.40
