Build started 11/27/2024 7:14:40 PM.
     1>Project "C:\Projects\Unreal2004\ALAudio\Src\ALAudio.vcxproj" on node 4 (build target(s)).
     1>InitializeBuildStatus:
         Touching "..\Debug\ALAudio.unsuccessfulbuild".
       ClCompile:
         All outputs are up-to-date.
         All outputs are up-to-date.
         All outputs are up-to-date.
       ManifestResourceCompile:
         All outputs are up-to-date.
     1>C:\Program Files (x86)\MSBuild\Microsoft.Cpp\v4.0\Microsoft.CppBuild.targets(990,5): warning MSB8012: TargetPath(C:\Projects\Unreal2004\ALAudio\Src\..\Debug\ALAudio.dll) does not match the Linker's OutputFile property value (C:\Projects\Unreal2004\System\ALAudio.dll). This may cause your project to build incorrectly. To correct this, please make sure that $(OutDir), $(TargetName) and $(TargetExt) property values match the value specified in %(Link.OutputFile).
       Link:
         C:\Program Files (x86)\Microsoft Visual Studio 10.0\VC\bin\link.exe /ERRORREPORT:PROMPT /OUT:"..\..\System\ALAudio.dll" /INCREMENTAL /NOLOGO /LIBPATH:..\..\Core\Debug /LIBPATH:..\..\Engine\Debug /LIBPATH:..\..\Vorbis\Lib\ /LIBPATH:..\..\Speex\Lib\ ..\mp3\math_a.obj libspeex.lib ..\..\DirectX8\Lib\DxGuid.lib ..\..\DirectX8\Lib\dsound.lib odbc32.lib odbccp32.lib Core.lib Engine.lib ..\..\Vorbis\ogg\win32\dynamic_debug\ogg_d.lib ..\..\Vorbis\vorbis\win32\vorbis_dynamic_debug\vorbis_d.lib ..\..\Vorbis\vorbis\win32\vorbisfile_dynamic_debug\vorbisfile_d.lib kernel32.lib user32.lib gdi32.lib winspool.lib comdlg32.lib advapi32.lib shell32.lib ole32.lib oleaut32.lib uuid.lib odbc32.lib odbccp32.lib /NODEFAULTLIB:LIBCD /NODEFAULTLIB:LIBCMTD /NODEFAULTLIB:MSVCRTD /NODEFAULTLIB:LIBC /NODEFAULTLIB:LIBCMT /MANIFEST /ManifestFile:"..\Debug\ALAudio.dll.intermediate.manifest" /MANIFESTUAC:"level='asInvoker' uiAccess='false'" /DEBUG /PDB:"..\Debug\ALAudio.pdb" /MAP:"..\..\DebugFiles\ALAudio.map" /SUBSYSTEM:WINDOWS /TLBID:1 /DYNAMICBASE /NXCOMPAT /IMPLIB:"..\Debug\ALAudio.lib" /MACHINE:X86 /DLL ..\Debug\ALAudio.dll.embed.manifest.res
         ..\Debug\ALAudio.obj
         ..\Debug\ALAudioCapture.obj
         ..\Debug\ALAudioStream.obj
         ..\Debug\ALAudioSubsystem.obj
         ..\Debug\ALAudioVoice.obj
         ..\Debug\mp3api.obj
         ..\Debug\mp3dec.obj
         C:\Projects\Unreal2004\Engine\Debug\Engine.lib /MACHINE:I386 
            Creating library ..\Debug\ALAudio.lib and object ..\Debug\ALAudio.exp
       Manifest:
         C:\Program Files (x86)\Microsoft SDKs\Windows\v7.0A\bin\mt.exe /nologo /verbose /out:"..\Debug\ALAudio.dll.embed.manifest" /manifest ..\Debug\ALAudio.dll.intermediate.manifest
         All outputs are up-to-date.
       LinkEmbedManifest:
         All outputs are up-to-date.
         ALAudio.vcxproj -> C:\Projects\Unreal2004\ALAudio\Src\..\Debug\ALAudio.dll
       BscMake:
         C:\Program Files (x86)\Microsoft Visual Studio 10.0\VC\bin\bscmake.exe /nologo /o"..\Debug\ALAudio.bsc" ..\Debug\ALAudio.sbr ..\Debug\ALAudioCapture.sbr ..\Debug\ALAudioStream.sbr ..\Debug\ALAudioSubsystem.sbr ..\Debug\ALAudioVoice.sbr ..\Debug\mp3api.sbr ..\Debug\mp3dec.sbr
       FinalizeBuildStatus:
         Deleting file "..\Debug\ALAudio.unsuccessfulbuild".
         Touching "..\Debug\ALAudio.lastbuildstate".
     1>Done Building Project "C:\Projects\Unreal2004\ALAudio\Src\ALAudio.vcxproj" (build target(s)).

Build succeeded.

Time Elapsed 00:00:02.62
