Build started 11/27/2024 7:19:38 PM.
     1>Project "C:\Projects\Unreal2004\XGame\XGame.vcxproj" on node 2 (build target(s)).
     1>InitializeBuildStatus:
         Touching "Debug\XGame.unsuccessfulbuild".
       ClCompile:
         C:\Program Files (x86)\Microsoft Visual Studio 10.0\VC\bin\CL.exe /c /I..\metoolkit\include /I..\Core\Inc /I..\Engine\Inc /IInc /ZI /nologo /W4 /WX- /Od /Oy- /D _DEBUG /D "XGAME_API=__declspec(dllexport)" /D _WIN32_IE=0x0200 /D _WINDOWS /D DEBUG /D WIN32 /D UNICODE /D DO_GUARD=1 /D DO_GUARD_SLOW=0 /D DO_CHECK=1 /D DO_CHECK_SLOW=1 /D DO_STAT=1 /D DO_STAT_SLOW=0 /D DO_CLOCK=1 /D DO_CLOCK_SLOW=0 /D _VC80_UPGRADE=0x0710 /D _WINDLL /D _UNICODE /D UNICODE /GF /Gm /EHsc /MD /Zp4 /GS- /fp:precise /Zc:wchar_t /Zc:forScope /Yc"XGame.h" /Fp"Debug\XGame.pch" /Fo"Debug\\" /Fd"Debug\vc100.pdb" /Gd /TP /analyze- /errorReport:prompt Src\XGame.cpp
         XGame.cpp
     1>c:\projects\unreal2004\engine\inc\uncdkey.h(85): warning C4996: '_i64tow': This function or variable may be unsafe. Consider using _i64tow_s instead. To disable deprecation, use _CRT_SECURE_NO_WARNINGS. See online help for details.
                 c:\program files (x86)\microsoft visual studio 10.0\vc\include\stdlib.h(685) : see declaration of '_i64tow'
         C:\Program Files (x86)\Microsoft Visual Studio 10.0\VC\bin\CL.exe /c /I..\metoolkit\include /I..\Core\Inc /I..\Engine\Inc /IInc /ZI /nologo /W4 /WX- /Od /Oy- /D _DEBUG /D "XGAME_API=__declspec(dllexport)" /D _WIN32_IE=0x0200 /D _WINDOWS /D DEBUG /D WIN32 /D UNICODE /D DO_GUARD=1 /D DO_GUARD_SLOW=0 /D DO_CHECK=1 /D DO_CHECK_SLOW=1 /D DO_STAT=1 /D DO_STAT_SLOW=0 /D DO_CLOCK=1 /D DO_CLOCK_SLOW=0 /D _VC80_UPGRADE=0x0710 /D _WINDLL /D _UNICODE /D UNICODE /GF /Gm /EHsc /MD /Zp4 /GS- /fp:precise /Zc:wchar_t /Zc:forScope /Yu"XGame.h" /Fp"Debug\XGame.pch" /Fo"Debug\\" /Fd"Debug\vc100.pdb" /Gd /TP /analyze- /errorReport:prompt Src\XUtil.cpp
         XUtil.cpp
       ManifestResourceCompile:
         All outputs are up-to-date.
     1>C:\Program Files (x86)\MSBuild\Microsoft.Cpp\v4.0\Microsoft.CppBuild.targets(990,5): warning MSB8012: TargetPath(C:\Projects\Unreal2004\XGame\Debug\XGame.dll) does not match the Linker's OutputFile property value (C:\Projects\Unreal2004\System\XGame.dll). This may cause your project to build incorrectly. To correct this, please make sure that $(OutDir), $(TargetName) and $(TargetExt) property values match the value specified in %(Link.OutputFile).
       Link:
         C:\Program Files (x86)\Microsoft Visual Studio 10.0\VC\bin\link.exe /ERRORREPORT:PROMPT /OUT:"..\System\XGame.dll" /INCREMENTAL /NOLOGO /LIBPATH:..\Core\Debug /LIBPATH:..\Engine\Debug Core.lib Engine.lib kernel32.lib user32.lib gdi32.lib winspool.lib comdlg32.lib advapi32.lib shell32.lib ole32.lib oleaut32.lib uuid.lib odbc32.lib odbccp32.lib /NODEFAULTLIB:LIBCD /NODEFAULTLIB:LIBCMTD /NODEFAULTLIB:MSVCRTD /NODEFAULTLIB:LIBC /NODEFAULTLIB:LIBCMT /MANIFEST /ManifestFile:"Debug\XGame.dll.intermediate.manifest" /MANIFESTUAC:"level='asInvoker' uiAccess='false'" /DEBUG /PDB:"C:\Projects\Unreal2004\\DebugFiles\XGame.pdb" /MAP:"C:\Projects\Unreal2004\\DebugFiles\XGame.map" /MAPINFO:EXPORTS /TLBID:1 /DYNAMICBASE /NXCOMPAT /IMPLIB:"Debug\XGame.lib" /MACHINE:X86 /DLL Debug\XGame.dll.embed.manifest.res
         Debug\XGame.obj
         Debug\XUtil.obj
         C:\Projects\Unreal2004\Engine\Debug\Engine.lib /MACHINE:I386 
            Creating library Debug\XGame.lib and object Debug\XGame.exp
       Manifest:
         C:\Program Files (x86)\Microsoft SDKs\Windows\v7.0A\bin\mt.exe /nologo /verbose /out:"Debug\XGame.dll.embed.manifest" /manifest Debug\XGame.dll.intermediate.manifest
         All outputs are up-to-date.
       LinkEmbedManifest:
         All outputs are up-to-date.
         XGame.vcxproj -> C:\Projects\Unreal2004\XGame\Debug\XGame.dll
       FinalizeBuildStatus:
         Deleting file "Debug\XGame.unsuccessfulbuild".
         Touching "Debug\XGame.lastbuildstate".
     1>Done Building Project "C:\Projects\Unreal2004\XGame\XGame.vcxproj" (build target(s)).

Build succeeded.

Time Elapsed 00:00:02.67
