Build started 11/27/2024 7:20:21 PM.
     1>Project "C:\Projects\Unreal2004\GUIDesigner\GUIDesigner.vcxproj" on node 17 (build target(s)).
     1>InitializeBuildStatus:
         Touching "Debug\GUIDesigner.unsuccessfulbuild".
       ClCompile:
         C:\Program Files (x86)\Microsoft Visual Studio 10.0\VC\bin\CL.exe /c /IInc /I..\Core\Inc /I..\Engine\Inc /I..\XGame\inc /I..\IpDrv\Inc /I..\Window\Inc /I..\Xinterface\Inc /I..\metoolkit\include /I..\UnrealEd\Inc /ZI /nologo /W4 /WX- /Od /Oy- /D _DEBUG /D "GUIDESIGNER_API=__declspec(dllexport)" /D _WINDOWS /D DEBUG /D WIN32 /D UNICODE /D DO_GUARD=1 /D DO_GUARD_SLOW=0 /D DO_CHECK=1 /D DO_CHECK_SLOW=1 /D DO_STAT=1 /D DO_STAT_SLOW=0 /D DO_CLOCK=1 /D DO_CLOCK_SLOW=0 /D _VC80_UPGRADE=0x0710 /D _WINDLL /D _UNICODE /D UNICODE /GF /Gm /EHsc /MD /Zp4 /GS- /fp:precise /Zc:wchar_t /Zc:forScope /Fo"Debug" /Fd"Debug" /Gd /TP /analyze- /errorReport:prompt Src\GUIDesign.cpp
         Skipping... (no relevant changes detected)
         GUIDesign.cpp
       ManifestResourceCompile:
         All outputs are up-to-date.
     1>C:\Program Files (x86)\MSBuild\Microsoft.Cpp\v4.0\Microsoft.CppBuild.targets(990,5): warning MSB8012: TargetPath(C:\Projects\Unreal2004\Debug\GUIDesigner.dll) does not match the Linker's OutputFile property value (C:\Projects\Unreal2004\System\GUIDesigner.dll). This may cause your project to build incorrectly. To correct this, please make sure that $(OutDir), $(TargetName) and $(TargetExt) property values match the value specified in %(Link.OutputFile).
       Link:
         C:\Program Files (x86)\Microsoft Visual Studio 10.0\VC\bin\link.exe /ERRORREPORT:PROMPT /OUT:"..\System\GUIDesigner.dll" /INCREMENTAL /NOLOGO /LIBPATH:..\Core\Debug /LIBPATH:..\Engine\Debug /LIBPATH:..\XGame\Debug /LIBPATH:..\IpDrv\Debug /LIBPATH:..\Window\Debug Core.lib Engine.lib XGame.lib IpDrv.lib Window.lib kernel32.lib user32.lib gdi32.lib winspool.lib comdlg32.lib advapi32.lib shell32.lib ole32.lib oleaut32.lib uuid.lib odbc32.lib odbccp32.lib /NODEFAULTLIB:LIBCD /NODEFAULTLIB:LIBCMTD /NODEFAULTLIB:MSVCRTD /NODEFAULTLIB:LIBC /NODEFAULTLIB:LIBCMT /MANIFEST /ManifestFile:"Debug\GUIDesigner.dll.intermediate.manifest" /MANIFESTUAC:"level='asInvoker' uiAccess='false'" /DEBUG /PDB:"C:\Projects\Unreal2004\\DebugFiles\GUIDesigner.pdb" /MAP:"C:\Projects\Unreal2004\\DebugFiles\GUIDesigner.map" /MAPINFO:EXPORTS /SUBSYSTEM:WINDOWS /TLBID:1 /DYNAMICBASE /NXCOMPAT /IMPLIB:"Debug\GUIDesigner.lib" /MACHINE:X86 /DLL Debug\GUIDesigner.dll.embed.manifest.res
         Debug
         C:\Projects\Unreal2004\Window\Debug\Window.lib
         C:\Projects\Unreal2004\XInterface\Debug\XInterface.lib /MACHINE:I386 
            Creating library Debug\GUIDesigner.lib and object Debug\GUIDesigner.exp
       Manifest:
         C:\Program Files (x86)\Microsoft SDKs\Windows\v7.0A\bin\mt.exe /nologo /verbose /out:"Debug\GUIDesigner.dll.embed.manifest" /manifest Debug\GUIDesigner.dll.intermediate.manifest
         All outputs are up-to-date.
       LinkEmbedManifest:
         All outputs are up-to-date.
         GUIDesigner.vcxproj -> C:\Projects\Unreal2004\Debug\GUIDesigner.dll
       FinalizeBuildStatus:
         Deleting file "Debug\GUIDesigner.unsuccessfulbuild".
         Touching "Debug\GUIDesigner.lastbuildstate".
     1>Done Building Project "C:\Projects\Unreal2004\GUIDesigner\GUIDesigner.vcxproj" (build target(s)).

Build succeeded.

Time Elapsed 00:00:00.66
