Build started 11/27/2024 7:13:21 PM.
     1>Project "C:\Projects\Unreal2004\zlib\zlib.vcxproj" on node 3 (build target(s)).
     1>InitializeBuildStatus:
         Creating "Debug\zlib.unsuccessfulbuild" because "AlwaysCreate" was specified.
       ClCompile:
         C:\Program Files (x86)\Microsoft Visual Studio 10.0\VC\bin\CL.exe /c /ZI /nologo /W1 /WX- /Od /Oy- /D _VC80_UPGRADE=0x0710 /Gm- /EHsc /MD /GS /fp:precise /Zc:wchar_t /Zc:forScope /Fo"Debug\\" /Fd"Debug\vc100.pdb" /Gd /TC /analyze- /errorReport:prompt adler32.c compress.c crc32.c deflate.c gzio.c infblock.c infcodes.c inffast.c inflate.c inftrees.c infutil.c trees.c uncompr.c zutil.c
         adler32.c
         compress.c
         crc32.c
         deflate.c
         gzio.c
         infblock.c
         infcodes.c
         inffast.c
         inflate.c
         inftrees.c
         infutil.c
         trees.c
         uncompr.c
         zutil.c
         Generating Code...
       Lib:
         C:\Program Files (x86)\Microsoft Visual Studio 10.0\VC\bin\Lib.exe /OUT:"Debug\zlib.lib" /NOLOGO Debug\adler32.obj
         Debug\compress.obj
         Debug\crc32.obj
         Debug\deflate.obj
         Debug\gzio.obj
         Debug\infblock.obj
         Debug\infcodes.obj
         Debug\inffast.obj
         Debug\inflate.obj
         Debug\inftrees.obj
         Debug\infutil.obj
         Debug\trees.obj
         Debug\uncompr.obj
         Debug\zutil.obj
         zlib.vcxproj -> C:\Projects\Unreal2004\zlib\Debug\zlib.lib
       FinalizeBuildStatus:
         Deleting file "Debug\zlib.unsuccessfulbuild".
         Touching "Debug\zlib.lastbuildstate".
     1>Done Building Project "C:\Projects\Unreal2004\zlib\zlib.vcxproj" (build target(s)).

Build succeeded.

Time Elapsed 00:00:10.94
