Build started 11/27/2024 7:14:40 PM.
     1>Project "C:\Projects\Unreal2004\IpDrv\Src\IpDrv.vcxproj" on node 2 (build target(s)).
     1>InitializeBuildStatus:
         Touching "..\Debug\IpDrv.unsuccessfulbuild".
       ClCompile:
         All outputs are up-to-date.
         All outputs are up-to-date.
       ManifestResourceCompile:
         All outputs are up-to-date.
     1>C:\Program Files (x86)\MSBuild\Microsoft.Cpp\v4.0\Microsoft.CppBuild.targets(990,5): warning MSB8012: TargetPath(C:\Projects\Unreal2004\IpDrv\Src\..\Debug\IpDrv.dll) does not match the Linker's OutputFile property value (C:\Projects\Unreal2004\System\IpDrv.dll). This may cause your project to build incorrectly. To correct this, please make sure that $(OutDir), $(TargetName) and $(TargetExt) property values match the value specified in %(Link.OutputFile).
       Link:
         C:\Program Files (x86)\Microsoft Visual Studio 10.0\VC\bin\link.exe /ERRORREPORT:PROMPT /OUT:"..\..\System\IpDrv.dll" /INCREMENTAL /NOLOGO /LIBPATH:..\..\Core\Debug /LIBPATH:..\..\Engine\Debug wsock32.lib Core.lib Engine.lib kernel32.lib user32.lib gdi32.lib winspool.lib comdlg32.lib advapi32.lib shell32.lib ole32.lib oleaut32.lib uuid.lib odbc32.lib odbccp32.lib /NODEFAULTLIB:LIBCD /NODEFAULTLIB:LIBCMTD /NODEFAULTLIB:MSVCRTD /NODEFAULTLIB:LIBC /NODEFAULTLIB:LIBCMT /MANIFEST /ManifestFile:"..\Debug\IpDrv.dll.intermediate.manifest" /MANIFESTUAC:"level='asInvoker' uiAccess='false'" /DEBUG /PDB:"..\Debug\IpDrv.pdb" /MAP:"..\..\DebugFiles\IpDrv.map" /SUBSYSTEM:WINDOWS /TLBID:1 /BASE:"0x10700000" /DYNAMICBASE /NXCOMPAT /IMPLIB:"..\Debug\IpDrv.lib" /MACHINE:X86 /DLL ..\Debug\IpDrv.dll.embed.manifest.res
         ..\Debug\HTTPDownload.obj
         ..\Debug\InternetLink.obj
         ..\Debug\IpDrv.obj
         ..\Debug\MasterServerClient.obj
         ..\Debug\MasterServerUplink.obj
         ..\Debug\TcpLink.obj
         ..\Debug\TcpNetDriver.obj
         ..\Debug\UCompressCommandlet.obj
         ..\Debug\UdpLink.obj
         ..\Debug\UnIpDrvNative.obj
         ..\Debug\UnSocket.obj
         C:\Projects\Unreal2004\Engine\Debug\Engine.lib /MACHINE:I386 
            Creating library ..\Debug\IpDrv.lib and object ..\Debug\IpDrv.exp
       Manifest:
         C:\Program Files (x86)\Microsoft SDKs\Windows\v7.0A\bin\mt.exe /nologo /verbose /out:"..\Debug\IpDrv.dll.embed.manifest" /manifest ..\Debug\IpDrv.dll.intermediate.manifest
         All outputs are up-to-date.
       LinkEmbedManifest:
         All outputs are up-to-date.
         IpDrv.vcxproj -> C:\Projects\Unreal2004\IpDrv\Src\..\Debug\IpDrv.dll
       FinalizeBuildStatus:
         Deleting file "..\Debug\IpDrv.unsuccessfulbuild".
         Touching "..\Debug\IpDrv.lastbuildstate".
     1>Done Building Project "C:\Projects\Unreal2004\IpDrv\Src\IpDrv.vcxproj" (build target(s)).

Build succeeded.

Time Elapsed 00:00:00.53
