Build started 11/27/2024 7:14:11 PM.
     1>Project "C:\Projects\Unreal2004\WinDrv\Src\WinDrv.vcxproj" on node 5 (build target(s)).
     1>InitializeBuildStatus:
         Creating "..\Debug\WinDrv.unsuccessfulbuild" because "AlwaysCreate" was specified.
       ClCompile:
         C:\Program Files (x86)\Microsoft Visual Studio 10.0\VC\bin\CL.exe /c /I..\..\Window\Inc /I..\..\DirectX8\Inc /I. /I..\Inc /I..\..\Core\Inc /I..\..\Engine\Inc /I..\..\metoolkit\include /I..\..\Speech\Inc /ZI /nologo /W4 /WX- /Od /Oy- /D _DEBUG /D DEBUG /D "WINDRV_API=__declspec(dllexport)" /D _WINDOWS /D _WIN32_IE=0x0200 /D WIN32 /D UNICODE /D DIRECTINPUT_VERSION=0x0800 /D DO_GUARD=1 /D DO_GUARD_SLOW=0 /D DO_CHECK=1 /D DO_CHECK_SLOW=1 /D DO_STAT=1 /D DO_STAT_SLOW=0 /D DO_CLOCK=1 /D DO_CLOCK_SLOW=0 /D _VC80_UPGRADE=0x0710 /D _WINDLL /D _UNICODE /D UNICODE /GF /Gm /EHsc /MD /Zp4 /GS- /fp:precise /Zc:wchar_t /Zc:forScope /Yc"WinDrv.h" /Fp"..\Debug\WinDrv.pch" /Fo"..\Debug\\" /Fd"..\Debug\vc100.pdb" /FR"..\Debug\\" /Gd /TP /analyze- /errorReport:prompt WinDrv.cpp
         WinDrv.cpp
     1>c:\projects\unreal2004\speech\inc\sphelper.h(778): warning C4996: 'wcscpy': This function or variable may be unsafe. Consider using wcscpy_s instead. To disable deprecation, use _CRT_SECURE_NO_WARNINGS. See online help for details.
                 c:\program files (x86)\microsoft visual studio 10.0\vc\include\string.h(283) : see declaration of 'wcscpy'
     1>c:\projects\unreal2004\speech\inc\sphelper.h(779): warning C4996: 'wcscat': This function or variable may be unsafe. Consider using wcscat_s instead. To disable deprecation, use _CRT_SECURE_NO_WARNINGS. See online help for details.
                 c:\program files (x86)\microsoft visual studio 10.0\vc\include\string.h(276) : see declaration of 'wcscat'
     1>c:\projects\unreal2004\speech\inc\sphelper.h(780): warning C4996: 'wcscat': This function or variable may be unsafe. Consider using wcscat_s instead. To disable deprecation, use _CRT_SECURE_NO_WARNINGS. See online help for details.
                 c:\program files (x86)\microsoft visual studio 10.0\vc\include\string.h(276) : see declaration of 'wcscat'
     1>c:\projects\unreal2004\speech\inc\sphelper.h(784): warning C4996: 'wcscpy': This function or variable may be unsafe. Consider using wcscpy_s instead. To disable deprecation, use _CRT_SECURE_NO_WARNINGS. See online help for details.
                 c:\program files (x86)\microsoft visual studio 10.0\vc\include\string.h(283) : see declaration of 'wcscpy'
     1>c:\projects\unreal2004\speech\inc\sphelper.h(920): warning C4996: 'wcscpy': This function or variable may be unsafe. Consider using wcscpy_s instead. To disable deprecation, use _CRT_SECURE_NO_WARNINGS. See online help for details.
                 c:\program files (x86)\microsoft visual studio 10.0\vc\include\string.h(283) : see declaration of 'wcscpy'
     1>c:\projects\unreal2004\speech\inc\sphelper.h(921): warning C4996: 'wcscat': This function or variable may be unsafe. Consider using wcscat_s instead. To disable deprecation, use _CRT_SECURE_NO_WARNINGS. See online help for details.
                 c:\program files (x86)\microsoft visual studio 10.0\vc\include\string.h(276) : see declaration of 'wcscat'
     1>c:\projects\unreal2004\speech\inc\sphelper.h(2097): warning C4996: 'wcscpy': This function or variable may be unsafe. Consider using wcscpy_s instead. To disable deprecation, use _CRT_SECURE_NO_WARNINGS. See online help for details.
                 c:\program files (x86)\microsoft visual studio 10.0\vc\include\string.h(283) : see declaration of 'wcscpy'
     1>c:\projects\unreal2004\speech\inc\sphelper.h(2520): warning C4100: 'LangId' : unreferenced formal parameter
     1>c:\projects\unreal2004\speech\inc\sphelper.h(2519): warning C4100: 'ppResultPhrase' : unreferenced formal parameter
     1>c:\projects\unreal2004\speech\inc\sphelper.h(2518): warning C4100: 'prgDispAttribs' : unreferenced formal parameter
     1>c:\projects\unreal2004\speech\inc\sphelper.h(2517): warning C4100: 'cWords' : unreferenced formal parameter
     1>c:\projects\unreal2004\speech\inc\sphelper.h(2517): warning C4100: 'ppWords' : unreferenced formal parameter
     1>c:\projects\unreal2004\engine\inc\uncdkey.h(85): warning C4996: '_i64tow': This function or variable may be unsafe. Consider using _i64tow_s instead. To disable deprecation, use _CRT_SECURE_NO_WARNINGS. See online help for details.
                 c:\program files (x86)\microsoft visual studio 10.0\vc\include\stdlib.h(685) : see declaration of '_i64tow'
         C:\Program Files (x86)\Microsoft Visual Studio 10.0\VC\bin\CL.exe /c /I..\..\Window\Inc /I..\..\DirectX8\Inc /I. /I..\Inc /I..\..\Core\Inc /I..\..\Engine\Inc /I..\..\metoolkit\include /I..\..\Speech\Inc /ZI /nologo /W4 /WX- /Od /Oy- /D _DEBUG /D DEBUG /D "WINDRV_API=__declspec(dllexport)" /D _WINDOWS /D _WIN32_IE=0x0200 /D WIN32 /D UNICODE /D DIRECTINPUT_VERSION=0x0800 /D DO_GUARD=1 /D DO_GUARD_SLOW=0 /D DO_CHECK=1 /D DO_CHECK_SLOW=1 /D DO_STAT=1 /D DO_STAT_SLOW=0 /D DO_CLOCK=1 /D DO_CLOCK_SLOW=0 /D _VC80_UPGRADE=0x0710 /D _WINDLL /D _UNICODE /D UNICODE /GF /Gm /EHsc /MD /Zp4 /GS- /fp:precise /Zc:wchar_t /Zc:forScope /Yu"WinDrv.h" /Fp"..\Debug\WinDrv.pch" /Fo"..\Debug\\" /Fd"..\Debug\vc100.pdb" /FR"..\Debug\\" /Gd /TP /analyze- /errorReport:prompt UnDebuggerCore.cpp UnDelphiInterface.cpp WinClient.cpp WinDivX.cpp WinSpeech.cpp WinViewport.cpp
         WinViewport.cpp
         WinSpeech.cpp
         WinDivX.cpp
         WinClient.cpp
         UnDelphiInterface.cpp
         UnDebuggerCore.cpp
         Generating Code...
       ResourceCompile:
         C:\Program Files (x86)\Microsoft SDKs\Windows\v7.0A\bin\rc.exe /D NDEBUG /D _VC80_UPGRADE=0x0710 /D _UNICODE /D UNICODE /l"0x0409" /IRes /nologo /fo"..\Debug\WinDrvRes.res" Res\WinDrvRes.rc 
       ManifestResourceCompile:
         C:\Program Files (x86)\Microsoft SDKs\Windows\v7.0A\bin\rc.exe /nologo /fo"..\Debug\WinDrv.dll.embed.manifest.res" ..\Debug\WinDrv_manifest.rc 
     1>C:\Program Files (x86)\MSBuild\Microsoft.Cpp\v4.0\Microsoft.CppBuild.targets(990,5): warning MSB8012: TargetPath(C:\Projects\Unreal2004\WinDrv\Src\..\Debug\WinDrv.dll) does not match the Linker's OutputFile property value (C:\Projects\Unreal2004\System\WinDrv.dll). This may cause your project to build incorrectly. To correct this, please make sure that $(OutDir), $(TargetName) and $(TargetExt) property values match the value specified in %(Link.OutputFile).
       Link:
         C:\Program Files (x86)\Microsoft Visual Studio 10.0\VC\bin\link.exe /ERRORREPORT:PROMPT /OUT:"..\..\System\WinDrv.dll" /INCREMENTAL /NOLOGO /LIBPATH:..\..\Core\Debug /LIBPATH:..\..\Engine\Debug /LIBPATH:..\..\Window\Debug /LIBPATH:..\..\DirectX8\Lib /LIBPATH:..\..\Speech\Lib /LIBPATH:..\..\DivX\Lib winmm.lib imm32.lib dinput8.lib dxguid.lib dxerr8.lib Core.lib Engine.lib Window.lib kernel32.lib user32.lib gdi32.lib winspool.lib comdlg32.lib advapi32.lib shell32.lib ole32.lib oleaut32.lib uuid.lib odbc32.lib odbccp32.lib /NODEFAULTLIB:LIBCD /NODEFAULTLIB:LIBCMTD /NODEFAULTLIB:MSVCRTD /NODEFAULTLIB:LIBC /NODEFAULTLIB:LIBCMT /MANIFEST /ManifestFile:"..\Debug\WinDrv.dll.intermediate.manifest" /MANIFESTUAC:"level='asInvoker' uiAccess='false'" /DEBUG /PDB:"..\Debug\WinDrv.pdb" /MAP:"..\..\DebugFiles\WinDrv.map" /SUBSYSTEM:WINDOWS /TLBID:1 /BASE:"0x11100000" /DYNAMICBASE /NXCOMPAT /IMPLIB:"..\Debug\WinDrv.lib" /MACHINE:X86 /DLL ..\Debug\WinDrvRes.res
         ..\Debug\WinDrv.dll.embed.manifest.res
         ..\Debug\UnDebuggerCore.obj
         ..\Debug\UnDelphiInterface.obj
         ..\Debug\WinClient.obj
         ..\Debug\WinDivX.obj
         ..\Debug\WinDrv.obj
         ..\Debug\WinSpeech.obj
         ..\Debug\WinViewport.obj
         C:\Projects\Unreal2004\Engine\Debug\Engine.lib
         C:\Projects\Unreal2004\Window\Debug\Window.lib /MACHINE:I386 
            Creating library ..\Debug\WinDrv.lib and object ..\Debug\WinDrv.exp
       Manifest:
         C:\Program Files (x86)\Microsoft SDKs\Windows\v7.0A\bin\mt.exe /nologo /verbose /out:"..\Debug\WinDrv.dll.embed.manifest" /manifest ..\Debug\WinDrv.dll.intermediate.manifest
         C:\Program Files (x86)\Microsoft SDKs\Windows\v7.0A\bin\rc.exe /nologo /fo"..\Debug\WinDrv.dll.embed.manifest.res" ..\Debug\WinDrv_manifest.rc 
       LinkEmbedManifest:
         C:\Program Files (x86)\Microsoft Visual Studio 10.0\VC\bin\link.exe /ERRORREPORT:PROMPT /OUT:"..\..\System\WinDrv.dll" /INCREMENTAL /NOLOGO /LIBPATH:..\..\Core\Debug /LIBPATH:..\..\Engine\Debug /LIBPATH:..\..\Window\Debug /LIBPATH:..\..\DirectX8\Lib /LIBPATH:..\..\Speech\Lib /LIBPATH:..\..\DivX\Lib winmm.lib imm32.lib dinput8.lib dxguid.lib dxerr8.lib Core.lib Engine.lib Window.lib kernel32.lib user32.lib gdi32.lib winspool.lib comdlg32.lib advapi32.lib shell32.lib ole32.lib oleaut32.lib uuid.lib odbc32.lib odbccp32.lib /NODEFAULTLIB:LIBCD /NODEFAULTLIB:LIBCMTD /NODEFAULTLIB:MSVCRTD /NODEFAULTLIB:LIBC /NODEFAULTLIB:LIBCMT /MANIFEST /ManifestFile:"..\Debug\WinDrv.dll.intermediate.manifest" /MANIFESTUAC:"level='asInvoker' uiAccess='false'" /DEBUG /PDB:"..\Debug\WinDrv.pdb" /MAP:"..\..\DebugFiles\WinDrv.map" /SUBSYSTEM:WINDOWS /TLBID:1 /BASE:"0x11100000" /DYNAMICBASE /NXCOMPAT /IMPLIB:"..\Debug\WinDrv.lib" /MACHINE:X86 /DLL ..\Debug\WinDrvRes.res
         ..\Debug\WinDrv.dll.embed.manifest.res
         ..\Debug\UnDebuggerCore.obj
         ..\Debug\UnDelphiInterface.obj
         ..\Debug\WinClient.obj
         ..\Debug\WinDivX.obj
         ..\Debug\WinDrv.obj
         ..\Debug\WinSpeech.obj
         ..\Debug\WinViewport.obj
         C:\Projects\Unreal2004\Engine\Debug\Engine.lib
         C:\Projects\Unreal2004\Window\Debug\Window.lib /MACHINE:I386 
         WinDrv.vcxproj -> C:\Projects\Unreal2004\WinDrv\Src\..\Debug\WinDrv.dll
       BscMake:
         C:\Program Files (x86)\Microsoft Visual Studio 10.0\VC\bin\bscmake.exe /nologo /o"..\Debug\WinDrv.bsc" ..\Debug\UnDebuggerCore.sbr ..\Debug\UnDelphiInterface.sbr ..\Debug\WinClient.sbr ..\Debug\WinDivX.sbr ..\Debug\WinDrv.sbr ..\Debug\WinSpeech.sbr ..\Debug\WinViewport.sbr
       FinalizeBuildStatus:
         Deleting file "..\Debug\WinDrv.unsuccessfulbuild".
         Touching "..\Debug\WinDrv.lastbuildstate".
     1>Done Building Project "C:\Projects\Unreal2004\WinDrv\Src\WinDrv.vcxproj" (build target(s)).

Build succeeded.

Time Elapsed 00:00:09.22
