Build started 11/27/2024 7:20:18 PM.
     1>Project "C:\Projects\Unreal2004\UTV2004\Src\UTV2003.vcxproj" on node 11 (build target(s)).
     1>InitializeBuildStatus:
         Touching "..\Debug\UTV2003.unsuccessfulbuild".
       ClCompile:
         All outputs are up-to-date.
       ManifestResourceCompile:
         All outputs are up-to-date.
     1>C:\Program Files (x86)\MSBuild\Microsoft.Cpp\v4.0\Microsoft.CppBuild.targets(990,5): warning MSB8012: TargetPath(C:\Projects\Unreal2004\UTV2004\Src\..\Debug\UTV2003.dll) does not match the Linker's OutputFile property value (C:\Projects\Unreal2004\System\UTV2004.dll). This may cause your project to build incorrectly. To correct this, please make sure that $(OutDir), $(TargetName) and $(TargetExt) property values match the value specified in %(Link.OutputFile).
     1>C:\Program Files (x86)\MSBuild\Microsoft.Cpp\v4.0\Microsoft.CppBuild.targets(992,5): warning MSB8012: TargetName(UTV2003) does not match the Linker's OutputFile property value (UTV2004). This may cause your project to build incorrectly. To correct this, please make sure that $(OutDir), $(TargetName) and $(TargetExt) property values match the value specified in %(Link.OutputFile).
       Link:
         C:\Program Files (x86)\Microsoft Visual Studio 10.0\VC\bin\link.exe /ERRORREPORT:PROMPT /OUT:"..\..\System\UTV2004.dll" /INCREMENTAL /NOLOGO /LIBPATH:..\..\Core\Debug /LIBPATH:..\..\Engine\Debug /LIBPATH:..\..\IpDrv\Debug Core.lib Engine.lib IpDrv.lib kernel32.lib user32.lib gdi32.lib winspool.lib comdlg32.lib advapi32.lib shell32.lib ole32.lib oleaut32.lib uuid.lib odbc32.lib odbccp32.lib /MANIFEST /ManifestFile:"..\Debug\UTV2003.dll.intermediate.manifest" /MANIFESTUAC:"level='asInvoker' uiAccess='false'" /DEBUG /PDB:"..\Debug\UTV2003.pdb" /MAP:"..\..\DebugFiles\UTV2003.map" /SUBSYSTEM:WINDOWS /TLBID:1 /BASE:"0x10500000" /DYNAMICBASE /NXCOMPAT /IMPLIB:"..\Debug\UTV2003.lib" /MACHINE:X86 /DLL ..\Debug\UTV2003.dll.embed.manifest.res
         ..\Debug\BunchDelayer.obj
         ..\Debug\ReplicatorEngine.obj
         ..\Debug\UtvChannel.obj
         ..\Debug\UTVCommandlet.obj
         ..\Debug\UTVPackageMap.obj
         ..\Debug\UTVRemoteControll.obj
         ..\Debug\UTVUplink.obj
         ..\Debug\UtvVoiceChannel.obj /MACHINE:I386 
            Creating library ..\Debug\UTV2003.lib and object ..\Debug\UTV2003.exp
       Manifest:
         C:\Program Files (x86)\Microsoft SDKs\Windows\v7.0A\bin\mt.exe /nologo /verbose /out:"..\Debug\UTV2003.dll.embed.manifest" /manifest ..\Debug\UTV2003.dll.intermediate.manifest
         All outputs are up-to-date.
       LinkEmbedManifest:
         All outputs are up-to-date.
         UTV2003.vcxproj -> C:\Projects\Unreal2004\UTV2004\Src\..\Debug\UTV2003.dll
       FinalizeBuildStatus:
         Deleting file "..\Debug\UTV2003.unsuccessfulbuild".
         Touching "..\Debug\UTV2003.lastbuildstate".
     1>Done Building Project "C:\Projects\Unreal2004\UTV2004\Src\UTV2003.vcxproj" (build target(s)).

Build succeeded.

Time Elapsed 00:00:00.66
