Build started 11/27/2024 7:20:18 PM.
     1>Project "C:\Projects\Unreal2004\OpenGLDrv\Src\OpenGLDrv.vcxproj" on node 6 (build target(s)).
     1>InitializeBuildStatus:
         Touching ".\Debug\OpenGLDrv.unsuccessfulbuild".
       ClCompile:
         All outputs are up-to-date.
         All outputs are up-to-date.
       ManifestResourceCompile:
         All outputs are up-to-date.
     1>C:\Program Files (x86)\MSBuild\Microsoft.Cpp\v4.0\Microsoft.CppBuild.targets(990,5): warning MSB8012: TargetPath(C:\Projects\Unreal2004\OpenGLDrv\Src\.\..\Lib\OpenGLDrv.dll) does not match the Linker's OutputFile property value (C:\Projects\Unreal2004\System\OpenGLDrv.dll). This may cause your project to build incorrectly. To correct this, please make sure that $(OutDir), $(TargetName) and $(TargetExt) property values match the value specified in %(Link.OutputFile).
       Link:
         C:\Program Files (x86)\Microsoft Visual Studio 10.0\VC\bin\link.exe /ERRORREPORT:PROMPT /OUT:"..\..\System\OpenGLDrv.dll" /INCREMENTAL /NOLOGO /LIBPATH:..\..\Core\Debug /LIBPATH:..\..\Engine\Debug Core.lib Engine.lib kernel32.lib user32.lib gdi32.lib winspool.lib comdlg32.lib advapi32.lib shell32.lib ole32.lib oleaut32.lib uuid.lib odbc32.lib odbccp32.lib /NODEFAULTLIB:LIBCD /NODEFAULTLIB:LIBCMTD /NODEFAULTLIB:MSVCRTD /NODEFAULTLIB:LIBC /NODEFAULTLIB:LIBCMT /MANIFEST /ManifestFile:".\Debug\OpenGLDrv.dll.intermediate.manifest" /MANIFESTUAC:"level='asInvoker' uiAccess='false'" /DEBUG /PDB:"..\Debug\OpenGLDrv.pdb" /MAP:"..\..\DebugFiles\OpenGLDrv.map" /TLBID:1 /DYNAMICBASE /NXCOMPAT /IMPLIB:"..\Debug\OpenGLDrv.lib" /MACHINE:X86 /DLL .\Debug\OpenGLDrv.dll.embed.manifest.res
         ..\Debug\OpenGLDrv.obj
         ..\Debug\OpenGLMaterialState.obj
         ..\Debug\OpenGLRenderDevice.obj
         ..\Debug\OpenGLRenderInterface.obj
         ..\Debug\OpenGLResource.obj
         C:\Projects\Unreal2004\Engine\Debug\Engine.lib /MACHINE:I386 
            Creating library ..\Debug\OpenGLDrv.lib and object ..\Debug\OpenGLDrv.exp
       Manifest:
         C:\Program Files (x86)\Microsoft SDKs\Windows\v7.0A\bin\mt.exe /nologo /verbose /out:".\Debug\OpenGLDrv.dll.embed.manifest" /manifest .\Debug\OpenGLDrv.dll.intermediate.manifest
         All outputs are up-to-date.
       LinkEmbedManifest:
         All outputs are up-to-date.
         OpenGLDrv.vcxproj -> C:\Projects\Unreal2004\OpenGLDrv\Src\.\..\Lib\OpenGLDrv.dll
       BscMake:
         C:\Program Files (x86)\Microsoft Visual Studio 10.0\VC\bin\bscmake.exe /nologo /o".\..\Lib\OpenGLDrv.bsc" .\Debug\OpenGLDrv.sbr .\Debug\OpenGLMaterialState.sbr .\Debug\OpenGLRenderDevice.sbr .\Debug\OpenGLRenderInterface.sbr .\Debug\OpenGLResource.sbr
       FinalizeBuildStatus:
         Deleting file ".\Debug\OpenGLDrv.unsuccessfulbuild".
         Touching ".\Debug\OpenGLDrv.lastbuildstate".
     1>Done Building Project "C:\Projects\Unreal2004\OpenGLDrv\Src\OpenGLDrv.vcxproj" (build target(s)).

Build succeeded.

Time Elapsed 00:00:02.79
