Log: Log file open, 12/10/24 16:03:02
Init: Name subsystem initialized
Init: Detected: Microsoft Windows NT 6.2 (Build: 9200)
Init: Version: 3186 (127.29)
Init: Compiled: Nov 27 2024 19:13:27
Init: Command line: Autoplay.ut2?NumBots=0 HWND=985842 -log
Init: Character set: Unicode
Init: Base directory: C:\Projects\Unreal2004\System\
Init: Ini:UT2004.ini   UserIni:User.ini
Init: Object subsystem initialized
Log: 	nvldumd.dll/NVIDIA GeForce RTX 4090
Log: 	nvldumd.dll/NVIDIA GeForce RTX 4090
Log: Game class is 'GameInfo'
Log: Bringing Level Entry.myLevel up for play (0) appSeconds: 1.267000...
ScriptLog: GameInfo::InitGame : bEnableStatLogging False
Log: Browse: Autoplay.ut2?Name=Player?Class=Engine.Pawn?Character=Jakob?team=255?NumBots=0
Log: ProcMesh 0 shared verts.
Log: ProcMesh 0 shared verts.
Log: ProcMesh 0 shared verts.
Log: ProcMesh 0 shared verts.
Log: ProcMesh 0 shared verts.
Log: ProcMesh 0 shared verts.
Log: ProcMesh 0 shared verts.
Log: ProcMesh 0 shared verts.
Log: Collecting garbage
Log: Purging garbage
Log: Garbage: objects: 35574->35543; refs: 528181
Log: Game class is 'xBombingRun'
Log: Bringing Level Autoplay.myLevel up for play (0) appSeconds: 2.136000...
Log: (Karma): Autodetecting CPU for SSE
Log: (Karma): Using SSE Optimizations
ScriptLog: GameInfo::InitGame : bEnableStatLogging False
Log: ALAudio: Using DirectSound to record audio.
Log: SET PLAYER!
ScriptLog: New Player Player id=22e43ba8cf596238f8f2726b4cbe5a4d
Log: Opened viewport
Log: Couldn't bring window to foreground.
Log: Enter SetRes: 1920x1200 Fullscreen 0
Log: Using back-buffer format 22(32-bit)
Log: Using depth-buffer format 77(32-bit)
Log: Creating device
Log: xD3DHelper::Init (QuadEmulation)
Log: SR: Loaded grammar file ../Speech\BR.xml
Log: Startup time: 4.258000 seconds
Log: Precaching: Autoplay.LevelInfo0
Log: Static mesh batches: 7042104 vertex bytes, 1072380 index bytes
Log: Allocating 16384 byte dynamic index buffer.
Log: Allocating 47628 byte dynamic index buffer.
Log: Finished precaching geometry in 0.402 seconds
Log: Finished precaching textures in 0.184 seconds
ScriptLog: START MATCH
Log: Closing by request
Log: appRequestExit(0)
Exit: Preparing to exit.
Log: Purging garbage
Log: Unbound to Window.dll
Log: Unbound to Core.dll
Log: Unbound to Engine.dll
Exit: Game engine shut down
Log: Unbound to WinDrv.dll
Exit: Windows client shut down
Log: Unbound to D3D9Drv.dll
Log: Unbound to XGame.dll
Log: Unbound to IpDrv.dll
Log: Unbound to Editor.dll
Log: Unbound to Fire.dll
Log: Unbound to XInterface.dll
Log: Unbound to UWeb.dll
Log: Unbound to Onslaught.dll
Log: (Karma): Level Karma Terminated.
Log: Unbound to ALAudio.dll
Log: Waiting for file streaming thread to finish...
Exit: OpenAL Audio subsystem shut down.
Log: Garbage: objects: 39398->0; refs: 528181
Exit: Object subsystem successfully closed.
Exit: Exiting.
Log: FileManager: Reading 0 GByte 296 MByte 629 KByte 503 Bytes from HD took 0.249000 seconds (0.203000 reading, 0.046000 seeking).
Log: FileManager: 0.053000 seconds spent with misc. duties
Uninitialized: Name subsystem shut down
Uninitialized: Log file closed, 12/10/24 16:04:26
