Build started 11/27/2024 7:20:18 PM.
     1>Project "C:\Projects\Unreal2004\Onslaught\Onslaught.vcxproj" on node 6 (build target(s)).
     1>InitializeBuildStatus:
         Touching "Debug\Onslaught.unsuccessfulbuild".
       ClCompile:
         All outputs are up-to-date.
         All outputs are up-to-date.
       ManifestResourceCompile:
         All outputs are up-to-date.
     1>C:\Program Files (x86)\MSBuild\Microsoft.Cpp\v4.0\Microsoft.CppBuild.targets(990,5): warning MSB8012: TargetPath(C:\Projects\Unreal2004\Onslaught\Debug\Onslaught.dll) does not match the Linker's OutputFile property value (C:\Projects\Unreal2004\System\Onslaught.dll). This may cause your project to build incorrectly. To correct this, please make sure that $(OutDir), $(TargetName) and $(TargetExt) property values match the value specified in %(Link.OutputFile).
       Link:
         C:\Program Files (x86)\Microsoft Visual Studio 10.0\VC\bin\link.exe /ERRORREPORT:PROMPT /OUT:"..\System\Onslaught.dll" /INCREMENTAL /NOLOGO /LIBPATH:..\Core\Debug /LIBPATH:..\Engine\Debug /LIBPATH:..\XGame\Debug /LIBPATH:..\IpDrv\Debug Core.lib Engine.lib XGame.lib IpDrv.lib kernel32.lib user32.lib gdi32.lib winspool.lib comdlg32.lib advapi32.lib shell32.lib ole32.lib oleaut32.lib uuid.lib odbc32.lib odbccp32.lib /NODEFAULTLIB:LIBCD /NODEFAULTLIB:LIBCMTD /NODEFAULTLIB:MSVCRTD /NODEFAULTLIB:LIBC /NODEFAULTLIB:LIBCMT /MANIFEST /ManifestFile:"Debug\Onslaught.dll.intermediate.manifest" /MANIFESTUAC:"level='asInvoker' uiAccess='false'" /DEBUG /PDB:"C:\Projects\Unreal2004\\DebugFiles\Onslaught.pdb" /MAP:"C:\Projects\Unreal2004\\DebugFiles\Onslaught.map" /MAPINFO:EXPORTS /TLBID:1 /DYNAMICBASE /NXCOMPAT /IMPLIB:"Debug\Onslaught.lib" /MACHINE:X86 /DLL Debug\Onslaught.dll.embed.manifest.res
         Debug\ONSChopperCraft.obj
         Debug\ONSHoverCraft.obj
         Debug\Onslaught.obj
         Debug\ONSPlaneCraft.obj
         Debug\ONSTreadCraft.obj
         Debug\ONSVehicle.obj
         Debug\ONSWeapon.obj
         Debug\ONSWheeledCraft.obj /MACHINE:I386 
            Creating library Debug\Onslaught.lib and object Debug\Onslaught.exp
       Manifest:
         C:\Program Files (x86)\Microsoft SDKs\Windows\v7.0A\bin\mt.exe /nologo /verbose /out:"Debug\Onslaught.dll.embed.manifest" /manifest Debug\Onslaught.dll.intermediate.manifest
         All outputs are up-to-date.
       LinkEmbedManifest:
         All outputs are up-to-date.
         Onslaught.vcxproj -> C:\Projects\Unreal2004\Onslaught\Debug\Onslaught.dll
       FinalizeBuildStatus:
         Deleting file "Debug\Onslaught.unsuccessfulbuild".
         Touching "Debug\Onslaught.lastbuildstate".
     1>Done Building Project "C:\Projects\Unreal2004\Onslaught\Onslaught.vcxproj" (build target(s)).

Build succeeded.

Time Elapsed 00:00:00.52
