Build started 11/27/2024 7:17:29 PM.
     1>Project "C:\Projects\Unreal2004\UCC\Src\UCC.vcxproj" on node 2 (build target(s)).
     1>InitializeBuildStatus:
         Touching "..\Debug\UCC.unsuccessfulbuild".
       ClCompile:
         All outputs are up-to-date.
       ManifestResourceCompile:
         All outputs are up-to-date.
     1>C:\Program Files (x86)\MSBuild\Microsoft.Cpp\v4.0\Microsoft.CppBuild.targets(990,5): warning MSB8012: TargetPath(C:\Projects\Unreal2004\UCC\Src\..\Debug\UCC.exe) does not match the Linker's OutputFile property value (C:\Projects\Unreal2004\System\UCC.exe). This may cause your project to build incorrectly. To correct this, please make sure that $(OutDir), $(TargetName) and $(TargetExt) property values match the value specified in %(Link.OutputFile).
       Link:
         C:\Program Files (x86)\Microsoft Visual Studio 10.0\VC\bin\link.exe /ERRORREPORT:PROMPT /OUT:"..\..\System\UCC.exe" /INCREMENTAL /NOLOGO /LIBPATH:..\..\Core\Debug /LIBPATH:..\..\zlib\Debug Core.lib zlib.lib kernel32.lib user32.lib gdi32.lib winspool.lib comdlg32.lib advapi32.lib shell32.lib ole32.lib oleaut32.lib uuid.lib odbc32.lib odbccp32.lib /NODEFAULTLIB:LIBCD /NODEFAULTLIB:LIBCMTD /NODEFAULTLIB:MSVCRTD /NODEFAULTLIB:LIBC /NODEFAULTLIB:LIBCMT /MANIFEST /ManifestFile:"..\Debug\UCC.exe.intermediate.manifest" /MANIFESTUAC:"level='asInvoker' uiAccess='false'" /DEBUG /PDB:"..\Debug\UCC.pdb" /MAP:"..\..\DebugFiles\UCC.map" /SUBSYSTEM:CONSOLE /STACK:"8388608" /TLBID:1 /DYNAMICBASE /NXCOMPAT /IMPLIB:"..\Debug\UCC.lib" /MACHINE:X86 ..\Debug\UCC.exe.embed.manifest.res
         ..\Debug\UCC.obj
         C:\Projects\Unreal2004\Editor\Debug\Editor.lib
         C:\Projects\Unreal2004\Fire\Debug\Fire.lib
         C:\Projects\Unreal2004\IpDrv\Debug\IpDrv.lib
         C:\Projects\Unreal2004\UWeb\Debug\UWeb.lib
         C:\Projects\Unreal2004\zlib\Debug\zlib.lib /MACHINE:I386 
            Creating library ..\Debug\UCC.lib and object ..\Debug\UCC.exp
       Manifest:
         C:\Program Files (x86)\Microsoft SDKs\Windows\v7.0A\bin\mt.exe /nologo /verbose /out:"..\Debug\UCC.exe.embed.manifest" /manifest ..\Debug\UCC.exe.intermediate.manifest
         All outputs are up-to-date.
       LinkEmbedManifest:
         All outputs are up-to-date.
         UCC.vcxproj -> C:\Projects\Unreal2004\UCC\Src\..\Debug\UCC.exe
       BscMake:
         C:\Program Files (x86)\Microsoft Visual Studio 10.0\VC\bin\bscmake.exe /nologo /o"..\Debug\UCC.bsc" ..\Debug\UCC.sbr
       FinalizeBuildStatus:
         Deleting file "..\Debug\UCC.unsuccessfulbuild".
         Touching "..\Debug\UCC.lastbuildstate".
     1>Done Building Project "C:\Projects\Unreal2004\UCC\Src\UCC.vcxproj" (build target(s)).

Build succeeded.

Time Elapsed 00:00:02.44
