Build started 11/27/2024 7:14:40 PM.
     1>Project "C:\Projects\Unreal2004\Fire\Src\Fire.vcxproj" on node 3 (build target(s)).
     1>InitializeBuildStatus:
         Touching "..\Debug\Fire.unsuccessfulbuild".
       ClCompile:
         All outputs are up-to-date.
       ManifestResourceCompile:
         All outputs are up-to-date.
     1>C:\Program Files (x86)\MSBuild\Microsoft.Cpp\v4.0\Microsoft.CppBuild.targets(990,5): warning MSB8012: TargetPath(C:\Projects\Unreal2004\Fire\Src\..\Debug\Fire.dll) does not match the Linker's OutputFile property value (C:\Projects\Unreal2004\System\Fire.dll). This may cause your project to build incorrectly. To correct this, please make sure that $(OutDir), $(TargetName) and $(TargetExt) property values match the value specified in %(Link.OutputFile).
       Link:
         C:\Program Files (x86)\Microsoft Visual Studio 10.0\VC\bin\link.exe /ERRORREPORT:PROMPT /OUT:"..\..\System\Fire.dll" /INCREMENTAL /NOLOGO /LIBPATH:..\..\Core\Debug /LIBPATH:..\..\Engine\Debug Core.lib Engine.lib kernel32.lib user32.lib gdi32.lib winspool.lib comdlg32.lib advapi32.lib shell32.lib ole32.lib oleaut32.lib uuid.lib odbc32.lib odbccp32.lib /NODEFAULTLIB:LIBCD /NODEFAULTLIB:LIBCMTD /NODEFAULTLIB:MSVCRTD /NODEFAULTLIB:LIBC /NODEFAULTLIB:LIBCMT /MANIFEST /ManifestFile:"..\Debug\Fire.dll.intermediate.manifest" /MANIFESTUAC:"level='asInvoker' uiAccess='false'" /DEBUG /PDB:"..\Debug\Fire.pdb" /MAP:"..\..\DebugFiles\Fire.map" /SUBSYSTEM:WINDOWS /TLBID:1 /BASE:"0x10500000" /DYNAMICBASE /NXCOMPAT /IMPLIB:"..\Debug\Fire.lib" /MACHINE:X86 /DLL ..\Debug\Fire.dll.embed.manifest.res
         ..\Debug\UnFractal.obj
         C:\Projects\Unreal2004\Engine\Debug\Engine.lib /MACHINE:I386 
            Creating library ..\Debug\Fire.lib and object ..\Debug\Fire.exp
       Manifest:
         C:\Program Files (x86)\Microsoft SDKs\Windows\v7.0A\bin\mt.exe /nologo /verbose /out:"..\Debug\Fire.dll.embed.manifest" /manifest ..\Debug\Fire.dll.intermediate.manifest
         All outputs are up-to-date.
       LinkEmbedManifest:
         All outputs are up-to-date.
         Fire.vcxproj -> C:\Projects\Unreal2004\Fire\Src\..\Debug\Fire.dll
       FinalizeBuildStatus:
         Deleting file "..\Debug\Fire.unsuccessfulbuild".
         Touching "..\Debug\Fire.lastbuildstate".
     1>Done Building Project "C:\Projects\Unreal2004\Fire\Src\Fire.vcxproj" (build target(s)).

Build succeeded.

Time Elapsed 00:00:00.79
