Build started 11/27/2024 7:14:02 PM.
     1>Project "C:\Projects\Unreal2004\Core\Src\Core.vcxproj" on node 2 (build target(s)).
     1>InitializeBuildStatus:
         Touching "..\Debug\Core.unsuccessfulbuild".
       ClCompile:
         All outputs are up-to-date.
         All outputs are up-to-date.
         All outputs are up-to-date.
       ManifestResourceCompile:
         All outputs are up-to-date.
     1>C:\Program Files (x86)\MSBuild\Microsoft.Cpp\v4.0\Microsoft.CppBuild.targets(990,5): warning MSB8012: TargetPath(C:\Projects\Unreal2004\Core\Src\..\Debug\Core.dll) does not match the Linker's OutputFile property value (C:\Projects\Unreal2004\System\Core.dll). This may cause your project to build incorrectly. To correct this, please make sure that $(OutDir), $(TargetName) and $(TargetExt) property values match the value specified in %(Link.OutputFile).
       Link:
         C:\Program Files (x86)\Microsoft Visual Studio 10.0\VC\bin\link.exe /ERRORREPORT:PROMPT /OUT:"..\..\System\Core.dll" /INCREMENTAL /NOLOGO winmm.lib ..\..\Vorbis\ogg\win32\dynamic_debug\ogg_d.lib ..\..\Vorbis\vorbis\win32\vorbis_dynamic_debug\vorbis_d.lib ..\..\Vorbis\vorbis\win32\vorbisfile_dynamic_debug\vorbisfile_d.lib kernel32.lib user32.lib gdi32.lib winspool.lib comdlg32.lib advapi32.lib shell32.lib ole32.lib oleaut32.lib uuid.lib odbc32.lib odbccp32.lib /NODEFAULTLIB:LIBCD /NODEFAULTLIB:LIBCMTD /NODEFAULTLIB:MSVCRTD /NODEFAULTLIB:LIBC /NODEFAULTLIB:LIBCMT /MANIFEST /ManifestFile:"..\Debug\Core.dll.intermediate.manifest" /MANIFESTUAC:"level='asInvoker' uiAccess='false'" /DEBUG /PDB:"..\Debug\Core.pdb" /MAP:"..\..\DebugFiles\Core.map" /SUBSYSTEM:WINDOWS /TLBID:1 /BASE:"0x10100000" /DYNAMICBASE /NXCOMPAT /IMPLIB:"..\Debug\Core.lib" /MACHINE:X86 /DLL ..\Debug\Core.dll.embed.manifest.res
         ..\Debug\Core.obj
         ..\Debug\UExporter.obj
         ..\Debug\UFactory.obj
         ..\Debug\UnAnsi.obj
         ..\Debug\UnArc.obj
         ..\Debug\UnBits.obj
         ..\Debug\UnCache.obj
         ..\Debug\UnClass.obj
         ..\Debug\UnCoreNative.obj
         ..\Debug\UnCoreNet.obj
         ..\Debug\UnCorSc.obj
         ..\Debug\UnLinker.obj
         ..\Debug\UnMath.obj
         ..\Debug\UnMem.obj
         ..\Debug\UnMisc.obj
         ..\Debug\UnName.obj
         ..\Debug\UnObj.obj
         ..\Debug\UnProp.obj
         ..\Debug\UnVcWin32.obj
         C:\Projects\Unreal2004\Vorbis\ogg\win32\Dynamic_Debug\ogg_d.lib
         C:\Projects\Unreal2004\Vorbis\vorbis\win32\Vorbis_Dynamic_Debug\vorbis_d.lib
         C:\Projects\Unreal2004\Vorbis\vorbis\win32\VorbisFile_Dynamic_Debug\vorbisfile_d.lib /MACHINE:I386 
            Creating library ..\Debug\Core.lib and object ..\Debug\Core.exp
       Manifest:
         C:\Program Files (x86)\Microsoft SDKs\Windows\v7.0A\bin\mt.exe /nologo /verbose /out:"..\Debug\Core.dll.embed.manifest" /manifest ..\Debug\Core.dll.intermediate.manifest
         All outputs are up-to-date.
       LinkEmbedManifest:
         All outputs are up-to-date.
         Core.vcxproj -> C:\Projects\Unreal2004\Core\Src\..\Debug\Core.dll
       BscMake:
         C:\Program Files (x86)\Microsoft Visual Studio 10.0\VC\bin\bscmake.exe /nologo /o"..\Debug\Core.bsc" ..\Debug\Core.sbr ..\Debug\UExporter.sbr ..\Debug\UFactory.sbr ..\Debug\UnAnsi.sbr ..\Debug\UnArc.sbr ..\Debug\UnBits.sbr ..\Debug\UnCache.sbr ..\Debug\UnClass.sbr ..\Debug\UnCoreNative.sbr ..\Debug\UnCoreNet.sbr ..\Debug\UnCorSc.sbr ..\Debug\UnLinker.sbr ..\Debug\UnMath.sbr ..\Debug\UnMem.sbr ..\Debug\UnMisc.sbr ..\Debug\UnName.sbr ..\Debug\UnObj.sbr ..\Debug\UnProp.sbr ..\Debug\UnVcWin32.sbr
       FinalizeBuildStatus:
         Deleting file "..\Debug\Core.unsuccessfulbuild".
         Touching "..\Debug\Core.lastbuildstate".
     1>Done Building Project "C:\Projects\Unreal2004\Core\Src\Core.vcxproj" (build target(s)).

Build succeeded.

Time Elapsed 00:00:02.03
