Build started 11/27/2024 7:20:18 PM.
     1>Project "C:\Projects\Unreal2004\MasterServer\Src\MasterServer.vcxproj" on node 2 (build target(s)).
     1>InitializeBuildStatus:
         Touching "..\Debug\MasterServer.unsuccessfulbuild".
       ClCompile:
         All outputs are up-to-date.
         All outputs are up-to-date.
       ManifestResourceCompile:
         All outputs are up-to-date.
     1>C:\Program Files (x86)\MSBuild\Microsoft.Cpp\v4.0\Microsoft.CppBuild.targets(990,5): warning MSB8012: TargetPath(C:\Projects\Unreal2004\MasterServer\Src\..\Debug\MasterServer.dll) does not match the Linker's OutputFile property value (C:\Projects\Unreal2004\System\MasterServer.dll). This may cause your project to build incorrectly. To correct this, please make sure that $(OutDir), $(TargetName) and $(TargetExt) property values match the value specified in %(Link.OutputFile).
       Link:
         C:\Program Files (x86)\Microsoft Visual Studio 10.0\VC\bin\link.exe /ERRORREPORT:PROMPT /OUT:"..\..\System\MasterServer.dll" /INCREMENTAL /NOLOGO /LIBPATH:..\..\Core\Debug /LIBPATH:..\..\Engine\Debug /LIBPATH:..\..\IpDrv\Debug /LIBPATH:..\..\MySQL\Win32\lib\opt wsock32.lib Core.lib Engine.lib IpDrv.lib libmysql.lib kernel32.lib user32.lib gdi32.lib winspool.lib comdlg32.lib advapi32.lib shell32.lib ole32.lib oleaut32.lib uuid.lib odbc32.lib odbccp32.lib /NODEFAULTLIB:LIBCD /NODEFAULTLIB:LIBCMTD /NODEFAULTLIB:MSVCRTD /NODEFAULTLIB:LIBC /NODEFAULTLIB:LIBCMT /MANIFEST /ManifestFile:"..\Debug\MasterServer.dll.intermediate.manifest" /MANIFESTUAC:"level='asInvoker' uiAccess='false'" /DEBUG /PDB:"..\Debug\MasterServer.pdb" /MAP:"..\..\DebugFiles\MasterServer.map" /SUBSYSTEM:WINDOWS /TLBID:1 /BASE:"0x10700000" /DYNAMICBASE /NXCOMPAT /IMPLIB:"..\Debug\MasterServer.lib" /MACHINE:X86 /DLL ..\Debug\MasterServer.dll.embed.manifest.res
         ..\Debug\CDKeyGen.obj
         ..\Debug\Database.obj
         ..\Debug\MasterServer.obj
         ..\Debug\MasterServerLink.obj
         ..\Debug\StatsProcessing.obj
         C:\Projects\Unreal2004\Core\Debug\Core.lib
         C:\Projects\Unreal2004\Engine\Debug\Engine.lib
         C:\Projects\Unreal2004\IpDrv\Debug\IpDrv.lib /MACHINE:I386 
            Creating library ..\Debug\MasterServer.lib and object ..\Debug\MasterServer.exp
       Manifest:
         C:\Program Files (x86)\Microsoft SDKs\Windows\v7.0A\bin\mt.exe /nologo /verbose /out:"..\Debug\MasterServer.dll.embed.manifest" /manifest ..\Debug\MasterServer.dll.intermediate.manifest
         All outputs are up-to-date.
       LinkEmbedManifest:
         All outputs are up-to-date.
         MasterServer.vcxproj -> C:\Projects\Unreal2004\MasterServer\Src\..\Debug\MasterServer.dll
       FinalizeBuildStatus:
         Deleting file "..\Debug\MasterServer.unsuccessfulbuild".
         Touching "..\Debug\MasterServer.lastbuildstate".
     1>Done Building Project "C:\Projects\Unreal2004\MasterServer\Src\MasterServer.vcxproj" (build target(s)).

Build succeeded.

Time Elapsed 00:00:00.69
