Build started 11/27/2024 7:14:41 PM.
     1>Project "C:\Projects\Unreal2004\UWeb\Src\UWeb.vcxproj" on node 5 (build target(s)).
     1>InitializeBuildStatus:
         Touching "..\Debug\UWeb.unsuccessfulbuild".
       ClCompile:
         All outputs are up-to-date.
         All outputs are up-to-date.
       ManifestResourceCompile:
         All outputs are up-to-date.
     1>C:\Program Files (x86)\MSBuild\Microsoft.Cpp\v4.0\Microsoft.CppBuild.targets(990,5): warning MSB8012: TargetPath(C:\Projects\Unreal2004\UWeb\Src\..\Debug\UWeb.dll) does not match the Linker's OutputFile property value (C:\Projects\Unreal2004\System\UWeb.dll). This may cause your project to build incorrectly. To correct this, please make sure that $(OutDir), $(TargetName) and $(TargetExt) property values match the value specified in %(Link.OutputFile).
       Link:
         C:\Program Files (x86)\Microsoft Visual Studio 10.0\VC\bin\link.exe /ERRORREPORT:PROMPT /OUT:"..\..\System\UWeb.dll" /INCREMENTAL /NOLOGO /LIBPATH:..\..\Core\Debug /LIBPATH:..\..\Engine\Debug Core.lib Engine.lib kernel32.lib user32.lib gdi32.lib winspool.lib comdlg32.lib advapi32.lib shell32.lib ole32.lib oleaut32.lib uuid.lib odbc32.lib odbccp32.lib /NODEFAULTLIB:LIBCD /NODEFAULTLIB:LIBCMTD /NODEFAULTLIB:MSVCRTD /NODEFAULTLIB:LIBC /NODEFAULTLIB:LIBCMT /MANIFEST /ManifestFile:"..\Debug\UWeb.dll.intermediate.manifest" /MANIFESTUAC:"level='asInvoker' uiAccess='false'" /DEBUG /PDB:"..\Debug\UWeb.pdb" /MAP:"..\..\DebugFiles\UWeb.map" /SUBSYSTEM:WINDOWS /TLBID:1 /BASE:"0x10700000" /DYNAMICBASE /NXCOMPAT /IMPLIB:"..\Debug\UWeb.lib" /MACHINE:X86 /DLL ..\Debug\UWeb.dll.embed.manifest.res
         ..\Debug\UWeb.obj
         ..\Debug\WebServer.obj
         C:\Projects\Unreal2004\IpDrv\Debug\IpDrv.lib /MACHINE:I386 
            Creating library ..\Debug\UWeb.lib and object ..\Debug\UWeb.exp
       Manifest:
         C:\Program Files (x86)\Microsoft SDKs\Windows\v7.0A\bin\mt.exe /nologo /verbose /out:"..\Debug\UWeb.dll.embed.manifest" /manifest ..\Debug\UWeb.dll.intermediate.manifest
         All outputs are up-to-date.
       LinkEmbedManifest:
         All outputs are up-to-date.
         UWeb.vcxproj -> C:\Projects\Unreal2004\UWeb\Src\..\Debug\UWeb.dll
       FinalizeBuildStatus:
         Deleting file "..\Debug\UWeb.unsuccessfulbuild".
         Touching "..\Debug\UWeb.lastbuildstate".
     1>Done Building Project "C:\Projects\Unreal2004\UWeb\Src\UWeb.vcxproj" (build target(s)).

Build succeeded.

Time Elapsed 00:00:00.64
